\BOOKMARK [0][-]{chapter.1}{\376\377\000C\000o\000u\000r\000s\000e\000\040\000I\000n\000t\000r\000o\000d\000u\000c\000t\000i\000o\000n\000\040\000a\000n\000d\000\040\000W\000h\000a\000t\000\040\000i\000s\000\040\000P\000h\000y\000s\000i\000c\000s}{}% 1
\BOOKMARK [1][-]{section.1.1}{\376\377\000C\000o\000u\000r\000s\000e\000\040\000O\000v\000e\000r\000v\000i\000e\000w}{chapter.1}% 2
\BOOKMARK [1][-]{section.1.2}{\376\377\000W\000h\000a\000t\000\040\000i\000s\000\040\000P\000h\000y\000s\000i\000c\000s}{chapter.1}% 3
\BOOKMARK [1][-]{section.1.3}{\376\377\000M\000e\000a\000s\000u\000r\000e\000m\000e\000n\000t\000s\000\040\000a\000n\000d\000\040\000U\000n\000i\000t\000s}{chapter.1}% 4
\BOOKMARK [0][-]{chapter.2}{\376\377\000F\000e\000r\000m\000i\000\040\000P\000r\000o\000b\000l\000e\000m\000s\000\040\000a\000n\000d\000\040\000A\000p\000p\000r\000o\000x\000i\000m\000a\000t\000i\000o\000n\000s}{}% 5
\BOOKMARK [1][-]{section.2.1}{\376\377\000T\000h\000e\000\040\000S\000c\000i\000e\000n\000t\000i\000f\000i\000c\000\040\000M\000e\000t\000h\000o\000d}{chapter.2}% 6
\BOOKMARK [0][-]{chapter.3}{\376\377\000M\000o\000t\000i\000o\000n\000\040\000i\000n\000\040\000O\000n\000e\000\040\000D\000i\000m\000e\000n\000s\000i\000o\000n\000\040\000a\000n\000d\000\040\000S\000U\000V\000A\000T}{}% 7
\BOOKMARK [1][-]{section.3.1}{\376\377\000M\000e\000c\000h\000a\000n\000i\000c\000s}{chapter.3}% 8
\BOOKMARK [1][-]{section.3.2}{\376\377\000M\000o\000t\000i\000o\000n\000\040\000i\000n\000\040\0001\000D}{chapter.3}% 9
\BOOKMARK [1][-]{section.3.3}{\376\377\000K\000i\000n\000e\000m\000a\000t\000i\000c\000\040\000E\000q\000u\000a\000t\000i\000o\000n\000s}{chapter.3}% 10
\BOOKMARK [0][-]{chapter.4}{\376\377\000F\000r\000e\000e\000f\000a\000l\000l\000\040\000a\000n\000d\000\040\000P\000r\000o\000j\000e\000c\000t\000i\000l\000e\000\040\000M\000o\000t\000i\000o\000n}{}% 11
\BOOKMARK [1][-]{section.4.1}{\376\377\000F\000r\000e\000e\000f\000a\000l\000l}{chapter.4}% 12
\BOOKMARK [1][-]{section.4.2}{\376\377\000V\000e\000c\000t\000o\000r\000s}{chapter.4}% 13
\BOOKMARK [1][-]{section.4.3}{\376\377\000M\000o\000t\000i\000o\000n\000\040\000i\000n\000\040\0002\000D}{chapter.4}% 14
\BOOKMARK [0][-]{chapter.5}{\376\377\000F\000o\000r\000c\000e\000s\000\040\000a\000n\000d\000\040\000M\000o\000m\000e\000n\000t\000u\000m}{}% 15
\BOOKMARK [1][-]{section.5.1}{\376\377\000F\000o\000r\000c\000e\000\040\000a\000n\000d\000\040\000M\000o\000t\000i\000o\000n}{chapter.5}% 16
\BOOKMARK [1][-]{section.5.2}{\376\377\000N\000e\000w\000t\000o\000n\000'\000s\000\040\000L\000a\000w\000s}{chapter.5}% 17
\BOOKMARK [1][-]{section.5.3}{\376\377\000M\000o\000m\000e\000n\000t\000u\000m\000\040\000a\000n\000d\000\040\000C\000o\000l\000l\000i\000s\000i\000o\000n\000s}{chapter.5}% 18
\BOOKMARK [1][-]{section.5.4}{\376\377\000I\000m\000p\000a\000c\000t\000\040\000a\000n\000d\000\040\000C\000o\000n\000s\000e\000r\000v\000a\000t\000i\000o\000n\000\040\000o\000f\000\040\000M\000o\000m\000e\000n\000t\000u\000m}{chapter.5}% 19
\BOOKMARK [0][-]{chapter.6}{\376\377\000W\000o\000r\000k\000\040\000a\000n\000d\000\040\000E\000n\000e\000r\000g\000y}{}% 20
\BOOKMARK [1][-]{section.6.1}{\376\377\000F\000o\000r\000c\000e\000s\000\040\000a\000n\000d\000\040\000W\000o\000r\000k}{chapter.6}% 21
\BOOKMARK [1][-]{section.6.2}{\376\377\000P\000o\000w\000e\000r\000\040\000a\000n\000d\000\040\000E\000f\000f\000i\000c\000i\000e\000n\000c\000y}{chapter.6}% 22
\BOOKMARK [1][-]{section.6.3}{\376\377\000E\000n\000e\000r\000g\000y\000\040\000a\000n\000d\000\040\000C\000o\000l\000l\000i\000s\000i\000o\000n\000s}{chapter.6}% 23
\BOOKMARK [0][-]{chapter.7}{\376\377\000M\000o\000t\000i\000o\000n\000\040\000i\000n\000\040\000a\000\040\000C\000i\000r\000c\000l\000e}{}% 24
\BOOKMARK [1][-]{section.7.1}{\376\377\000R\000a\000d\000i\000a\000n\000s\000\040\000a\000n\000d\000\040\000D\000e\000g\000r\000e\000e\000s}{chapter.7}% 25
\BOOKMARK [1][-]{section.7.2}{\376\377\000C\000i\000r\000c\000u\000l\000a\000r\000\040\000M\000o\000t\000i\000o\000n}{chapter.7}% 26
\BOOKMARK [1][-]{section.7.3}{\376\377\000C\000e\000n\000t\000r\000i\000p\000e\000t\000a\000l\000\040\000f\000o\000r\000c\000e\000s}{chapter.7}% 27
\BOOKMARK [1][-]{section.7.4}{\376\377\000C\000i\000r\000c\000u\000l\000a\000r\000\040\000m\000o\000t\000i\000o\000n\000\040\000i\000n\000\040\000a\000c\000t\000i\000o\000n}{chapter.7}% 28
\BOOKMARK [0][-]{chapter.8}{\376\377\000O\000s\000c\000i\000l\000l\000a\000t\000i\000o\000n\000s}{}% 29
\BOOKMARK [1][-]{section.8.1}{\376\377\000S\000H\000M\000\040\000a\000n\000d\000\040\000S\000i\000n\000e\000\040\000W\000a\000v\000e\000s}{chapter.8}% 30
\BOOKMARK [1][-]{section.8.2}{\376\377\000S\000p\000r\000i\000n\000g\000s\000\040\000a\000n\000d\000\040\000P\000e\000n\000d\000u\000l\000u\000m\000s}{chapter.8}% 31
\BOOKMARK [1][-]{section.8.3}{\376\377\000D\000a\000m\000p\000i\000n\000g\000,\000\040\000F\000o\000r\000c\000i\000n\000g\000,\000\040\000a\000n\000d\000\040\000R\000e\000s\000o\000n\000a\000n\000c\000e}{chapter.8}% 32
\BOOKMARK [0][-]{chapter.9}{\376\377\000E\000l\000e\000c\000t\000r\000i\000c\000\040\000C\000i\000r\000c\000u\000i\000t\000s}{}% 33
\BOOKMARK [1][-]{section.9.1}{\376\377\000V\000o\000l\000t\000a\000g\000e\000,\000\040\000C\000u\000r\000r\000e\000n\000t\000,\000\040\000a\000n\000d\000\040\000R\000e\000s\000i\000s\000t\000a\000n\000c\000e}{chapter.9}% 34
\BOOKMARK [1][-]{section.9.2}{\376\377\000S\000e\000r\000i\000e\000s\000\040\000a\000n\000d\000\040\000P\000a\000r\000a\000l\000l\000e\000l\000\040\000C\000i\000r\000c\000u\000i\000t\000s}{chapter.9}% 35
\BOOKMARK [1][-]{section.9.3}{\376\377\000A\000C\000\040\000C\000i\000r\000c\000u\000i\000t\000s}{chapter.9}% 36
\BOOKMARK [1][-]{section.9.4}{\376\377\000C\000i\000r\000c\000u\000i\000t\000\040\000C\000o\000m\000p\000o\000n\000e\000n\000t\000\040\000S\000y\000m\000b\000o\000l\000s}{chapter.9}% 37
\BOOKMARK [0][-]{chapter.10}{\376\377\000M\000o\000d\000e\000r\000n\000\040\000P\000h\000y\000s\000i\000c\000s}{}% 38
\BOOKMARK [1][-]{section.10.1}{\376\377\000R\000a\000p\000i\000d\000\040\000R\000e\000l\000a\000t\000i\000v\000i\000t\000y}{chapter.10}% 39
\BOOKMARK [1][-]{section.10.2}{\376\377\000Q\000u\000a\000n\000t\000u\000m\000\040\000Q\000u\000a\000n\000d\000a\000r\000i\000e\000s}{chapter.10}% 40
\BOOKMARK [0][-]{chapter.11}{\376\377\000M\000a\000t\000h\000e\000m\000a\000t\000i\000c\000a\000l\000\040\000B\000a\000s\000i\000c\000s}{}% 41
\BOOKMARK [1][-]{section.11.1}{\376\377\000B\000a\000c\000k\000g\000r\000o\000u\000n\000d\000\040\000a\000n\000d\000\040\000R\000e\000f\000e\000r\000e\000n\000c\000e\000s}{chapter.11}% 42
\BOOKMARK [1][-]{section.11.2}{\376\377\000T\000r\000i\000g\000o\000n\000o\000m\000e\000t\000r\000y\000\040\000P\000r\000i\000m\000e\000r}{chapter.11}% 43
\BOOKMARK [1][-]{section.11.3}{\376\377\000R\000e\000a\000r\000r\000a\000n\000g\000i\000n\000g\000\040\000E\000q\000u\000a\000t\000i\000o\000n\000s}{chapter.11}% 44
\BOOKMARK [0][-]{chapter.12}{\376\377\000F\000u\000r\000t\000h\000e\000r\000\040\000R\000e\000a\000d\000i\000n\000g}{}% 45
\BOOKMARK [1][-]{section.12.1}{\376\377\000W\000h\000a\000t\000\040\000i\000s\000\040\000P\000h\000y\000s\000i\000c\000s\000\040\000E\000x\000t\000r\000a\000\040\000R\000e\000a\000d\000i\000n\000g}{chapter.12}% 46
\BOOKMARK [1][-]{section.12.2}{\376\377\000K\000i\000n\000e\000m\000a\000t\000i\000c\000s\000\040\000i\000n\000\040\0001\000D\000\040\000E\000x\000t\000r\000a\000\040\000R\000e\000a\000d\000i\000n\000g}{chapter.12}% 47
\BOOKMARK [1][-]{section.12.3}{\376\377\000K\000i\000n\000e\000m\000a\000t\000i\000c\000s\000\040\000i\000n\000\040\0002\000D\000\040\000E\000x\000t\000r\000a\000\040\000R\000e\000a\000d\000i\000n\000g}{chapter.12}% 48
\BOOKMARK [1][-]{section.12.4}{\376\377\000F\000o\000r\000c\000e\000s\000\040\000a\000n\000d\000\040\000F\000r\000e\000e\000b\000o\000d\000y\000\040\000D\000i\000a\000g\000r\000a\000m\000s\000\040\000E\000x\000t\000r\000a\000\040\000R\000e\000a\000d\000i\000n\000g}{chapter.12}% 49
\BOOKMARK [1][-]{section.12.5}{\376\377\000E\000n\000e\000r\000g\000y\000\040\000E\000x\000t\000r\000a\000\040\000R\000e\000a\000d\000i\000n\000g}{chapter.12}% 50
\BOOKMARK [1][-]{section.12.6}{\376\377\000C\000i\000r\000c\000u\000l\000a\000r\000\040\000M\000o\000t\000i\000o\000n\000\040\000a\000n\000d\000\040\000O\000s\000c\000i\000l\000l\000a\000t\000i\000o\000n\000s\000\040\000E\000x\000t\000r\000a\000\040\000R\000e\000a\000d\000i\000n\000g}{chapter.12}% 51
\BOOKMARK [1][-]{section.12.7}{\376\377\000E\000l\000e\000c\000t\000r\000i\000c\000\040\000C\000i\000r\000c\000u\000i\000t\000s\000\040\000E\000x\000t\000r\000a\000\040\000R\000e\000a\000d\000i\000n\000g}{chapter.12}% 52
\BOOKMARK [1][-]{section.12.8}{\376\377\000M\000o\000d\000e\000r\000n\000\040\000P\000h\000y\000s\000i\000c\000s\000\040\000E\000x\000t\000r\000a\000\040\000R\000e\000a\000d\000i\000n\000g}{chapter.12}% 53
\BOOKMARK [0][-]{chapter*.145}{\376\377\000B\000i\000b\000l\000i\000o\000g\000r\000a\000p\000h\000y}{}% 54
